{"Name":"WorkerQueueManagement","HostName":"CCASERGIOCP","ApiKey":"N/A","Uri":"N/A","ResponseCode":0,"ResponseTime":598,"Ip":null,"Level":10,"Message":"Iniciando servicio de consola Worker","DateTime":"2023-04-10 02:29:43","Version":"v1"}
{"Name":"WorkerQueueManagement","HostName":"CCASERGIOCP","ApiKey":"N/A","Uri":"N/A","ResponseCode":0,"ResponseTime":367,"Ip":null,"Level":10,"Message":"Iniciando servicio de consola Worker","DateTime":"2023-04-10 02:47:42","Version":"v1"}
{"Name":"WorkerQueueManagement","HostName":"CCASERGIOCP","ApiKey":"N/A","Uri":"N/A","ResponseCode":0,"ResponseTime":717,"Ip":null,"Level":10,"Message":"Iniciando servicio de consola Worker","DateTime":"2023-04-10 02:49:51","Version":"v1"}
{"Name":"WorkerQueueManagement","HostName":"CCASERGIOCP","ApiKey":"N/A","Uri":"N/A","ResponseCode":201,"ResponseTime":67,"Ip":null,"Level":20,"Message":"El proceso de su solicitud fue enviado con exito, pronto recibira una respuesta al correo 20220001-jlopez@kalum.edu.gt","DateTime":"2023-04-10 02:50:01","Version":"v1"}
{"Name":"WorkerQueueManagement","HostName":"CCASERGIOCP","ApiKey":"N/A","Uri":"N/A","ResponseCode":0,"ResponseTime":31,"Ip":null,"Level":10,"Message":"Iniciando servicio de consola Worker","DateTime":"2023-04-11 05:32:06","Version":"v1"}
{"Name":"WorkerQueueManagement","HostName":"CCASERGIOCP","ApiKey":"N/A","Uri":"N/A","ResponseCode":201,"ResponseTime":14,"Ip":null,"Level":20,"Message":"El proceso de su solicitud fue enviado con exito, pronto recibira una respuesta al correo 20220001-jlopez@kalum.edu.gt","DateTime":"2023-04-11 05:49:41","Version":"v1"}
{"Name":"WorkerQueueManagement","HostName":"CCASERGIOCP","ApiKey":"N/A","Uri":"N/A","ResponseCode":0,"ResponseTime":152,"Ip":null,"Level":10,"Message":"Iniciando servicio de consola Worker","DateTime":"2023-04-11 05:52:18","Version":"v1"}
{"Name":"KalumManagement","HostName":"CCASERGIOCP","ApiKey":"N/A","Uri":"N/A","ResponseCode":0,"ResponseTime":495,"Ip":null,"Level":10,"Message":"Iniciando servicio kalumnManagement","DateTime":"2023-05-09 06:03:38","Version":"v1"}
{"Name":"KalumManagement","HostName":"CCASERGIOCP","ApiKey":"N/A","Uri":"N/A","ResponseCode":0,"ResponseTime":936,"Ip":null,"Level":10,"Message":"Iniciando servicio kalumnManagement","DateTime":"2023-05-09 07:06:12","Version":"v1"}
{"Name":"KalumManagement","HostName":"CCASERGIOCP","ApiKey":"N/A","Uri":"N/A","ResponseCode":0,"ResponseTime":260,"Ip":null,"Level":10,"Message":"Iniciando servicio kalumnManagement","DateTime":"2023-05-09 07:11:07","Version":"v1"}
{"Name":"KalumManagement","HostName":"CCASERGIOCP","ApiKey":"N/A","Uri":"N/A","ResponseCode":0,"ResponseTime":573,"Ip":null,"Level":10,"Message":"Iniciando servicio kalumnManagement","DateTime":"2023-05-11 01:13:58","Version":"v1"}
{"Name":"KalumManagement","HostName":"CCASERGIOCP","ApiKey":"N/A","Uri":"N/A","ResponseCode":0,"ResponseTime":610,"Ip":null,"Level":10,"Message":"Iniciando servicio kalumnManagement","DateTime":"2023-05-11 05:16:40","Version":"v1"}
{"Name":"KalumManagement","HostName":"CCASERGIOCP","ApiKey":"N/A","Uri":"N/A","ResponseCode":0,"ResponseTime":193,"Ip":null,"Level":10,"Message":"Iniciando servicio kalumnManagement","DateTime":"2023-05-14 11:10:20","Version":"v1"}
{"Name":"KalumManagement","HostName":"CCASERGIOCP","ApiKey":"N/A","Uri":"N/A","ResponseCode":0,"ResponseTime":818,"Ip":null,"Level":10,"Message":"Iniciando servicio kalumnManagement","DateTime":"2023-05-14 11:48:46","Version":"v1"}
{"Name":"KalumManagement","HostName":"CCASERGIOCP","ApiKey":"N/A","Uri":"N/A","ResponseCode":0,"ResponseTime":500,"Ip":null,"Level":10,"Message":"Iniciando servicio kalumnManagement","DateTime":"2023-05-14 11:57:51","Version":"v1"}
{"Name":"KalumManagement","HostName":"CCASERGIOCP","ApiKey":"N/A","Uri":"N/A","ResponseCode":0,"ResponseTime":616,"Ip":null,"Level":10,"Message":"Iniciando servicio kalumnManagement","DateTime":"2023-05-14 12:12:24","Version":"v1"}
{"Name":"KalumManagement","HostName":"CCASERGIOCP","ApiKey":"N/A","Uri":"N/A","ResponseCode":0,"ResponseTime":78,"Ip":null,"Level":10,"Message":"Iniciando servicio kalumnManagement","DateTime":"2023-05-14 04:52:41","Version":"v1"}
{"Name":"KalumManagement","HostName":"CCASERGIOCP","ApiKey":"N/A","Uri":"N/A","ResponseCode":0,"ResponseTime":829,"Ip":null,"Level":10,"Message":"Iniciando servicio kalumnManagement","DateTime":"2023-05-16 05:12:50","Version":"v1"}
{"Name":"KalumManagement","HostName":"CCASERGIOCP","ApiKey":"N/A","Uri":"N/A","ResponseCode":0,"ResponseTime":565,"Ip":null,"Level":10,"Message":"Iniciando servicio kalumnManagement","DateTime":"2023-05-16 07:36:35","Version":"v1"}
{"Name":"KalumManagement","HostName":"CCASERGIOCP","ApiKey":"N/A","Uri":"N/A","ResponseCode":0,"ResponseTime":854,"Ip":null,"Level":10,"Message":"Iniciando servicio kalumnManagement","DateTime":"2023-05-16 07:38:22","Version":"v1"}
{"Name":"KalumManagement","HostName":"CCASERGIOCP","ApiKey":"N/A","Uri":"N/A","ResponseCode":0,"ResponseTime":53,"Ip":null,"Level":10,"Message":"Iniciando servicio kalumnManagement","DateTime":"2023-05-16 07:44:44","Version":"v1"}
{"Name":"KalumManagement","HostName":"CCASERGIOCP","ApiKey":"N/A","Uri":"N/A","ResponseCode":0,"ResponseTime":737,"Ip":null,"Level":10,"Message":"Iniciando servicio kalumnManagement","DateTime":"2023-05-17 04:24:37","Version":"v1"}
{"Name":"KalumManagement","HostName":"CCASERGIOCP","ApiKey":"N/A","Uri":"N/A","ResponseCode":0,"ResponseTime":661,"Ip":null,"Level":10,"Message":"Iniciando servicio kalumnManagement","DateTime":"2023-05-23 05:17:00","Version":"v1"}
{"Name":"KalumManagement","HostName":"CCASERGIOCP","ApiKey":"N/A","Uri":"N/A","ResponseCode":0,"ResponseTime":909,"Ip":null,"Level":10,"Message":"Iniciando servicio kalumnManagement","DateTime":"2023-05-23 05:25:15","Version":"v1"}
{"Name":"KalumManagement","HostName":"CCASERGIOCP","ApiKey":"N/A","Uri":"N/A","ResponseCode":0,"ResponseTime":586,"Ip":null,"Level":10,"Message":"Iniciando servicio kalumnManagement","DateTime":"2023-05-23 06:10:25","Version":"v1"}
{"Name":"KalumManagement","HostName":"CCASERGIOCP","ApiKey":"N/A","Uri":"N/A","ResponseCode":0,"ResponseTime":371,"Ip":null,"Level":10,"Message":"Iniciando servicio kalumnManagement","DateTime":"2023-05-25 04:18:58","Version":"v1"}
{"Name":"KalumManagement","HostName":"CCASERGIOCP","ApiKey":"N/A","Uri":"N/A","ResponseCode":0,"ResponseTime":990,"Ip":null,"Level":10,"Message":"Iniciando servicio kalumnManagement","DateTime":"2023-05-25 05:57:12","Version":"v1"}
{"Name":"KalumManagement","HostName":"CCASERGIOCP","ApiKey":"N/A","Uri":"N/A","ResponseCode":0,"ResponseTime":66,"Ip":null,"Level":10,"Message":"Iniciando servicio kalumnManagement","DateTime":"2023-05-25 06:01:05","Version":"v1"}
{"Name":"KalumManagement","HostName":"CCASERGIOCP","ApiKey":"N/A","Uri":"N/A","ResponseCode":0,"ResponseTime":66,"Ip":null,"Level":10,"Message":"Iniciando servicio kalumnManagement","DateTime":"2023-05-25 06:02:52","Version":"v1"}
{"Name":"KalumManagement","HostName":"CCASERGIOCP","ApiKey":"N/A","Uri":"N/A","ResponseCode":0,"ResponseTime":32,"Ip":null,"Level":10,"Message":"Iniciando servicio kalumnManagement","DateTime":"2023-06-06 03:21:43","Version":"v1"}
{"Name":"KalumManagement","HostName":"CCASERGIOCP","ApiKey":"N/A","Uri":"N/A","ResponseCode":0,"ResponseTime":820,"Ip":null,"Level":10,"Message":"Iniciando servicio kalumnManagement","DateTime":"2023-06-06 03:55:55","Version":"v1"}
{"Name":"KalumManagement","HostName":"CCASERGIOCP","ApiKey":"N/A","Uri":"N/A","ResponseCode":0,"ResponseTime":111,"Ip":null,"Level":10,"Message":"Iniciando servicio kalumnManagement","DateTime":"2023-06-06 03:57:47","Version":"v1"}
{"Name":"KalumManagement","HostName":"CCASERGIOCP","ApiKey":"N/A","Uri":"N/A","ResponseCode":0,"ResponseTime":382,"Ip":null,"Level":10,"Message":"Iniciando servicio kalumnManagement","DateTime":"2023-06-06 03:58:55","Version":"v1"}
{"Name":"KalumManagement","HostName":"CCASERGIOCP","ApiKey":"N/A","Uri":"N/A","ResponseCode":0,"ResponseTime":515,"Ip":null,"Level":10,"Message":"Iniciando servicio kalumnManagement","DateTime":"2023-06-06 04:00:36","Version":"v1"}
{"Name":"KalumManagement","HostName":"CCASERGIOCP","ApiKey":"N/A","Uri":"N/A","ResponseCode":0,"ResponseTime":632,"Ip":null,"Level":10,"Message":"Iniciando servicio kalumnManagement","DateTime":"2023-06-06 04:01:23","Version":"v1"}
{"Name":"KalumManagement","HostName":"CCASERGIOCP","ApiKey":"N/A","Uri":"N/A","ResponseCode":0,"ResponseTime":594,"Ip":null,"Level":10,"Message":"Iniciando servicio kalumnManagement","DateTime":"2023-06-06 04:02:43","Version":"v1"}
{"Name":"KalumManagement","HostName":"CCASERGIOCP","ApiKey":"N/A","Uri":"N/A","ResponseCode":0,"ResponseTime":440,"Ip":null,"Level":10,"Message":"Iniciando servicio kalumnManagement","DateTime":"2023-06-06 04:04:20","Version":"v1"}
{"Name":"KalumManagement","HostName":"CCASERGIOCP","ApiKey":"N/A","Uri":"N/A","ResponseCode":0,"ResponseTime":657,"Ip":null,"Level":10,"Message":"Iniciando servicio kalumnManagement","DateTime":"2023-06-06 04:05:08","Version":"v1"}
{"Name":"KalumManagement","HostName":"CCASERGIOCP","ApiKey":"N/A","Uri":"N/A","ResponseCode":0,"ResponseTime":408,"Ip":null,"Level":10,"Message":"Iniciando servicio kalumnManagement","DateTime":"2023-06-06 04:06:13","Version":"v1"}
{"Name":"KalumManagement","HostName":"CCASERGIOCP","ApiKey":"N/A","Uri":"N/A","ResponseCode":0,"ResponseTime":409,"Ip":null,"Level":10,"Message":"Iniciando servicio kalumnManagement","DateTime":"2023-06-06 04:10:47","Version":"v1"}
{"Name":"KalumManagement","HostName":"CCASERGIOCP","ApiKey":"N/A","Uri":"N/A","ResponseCode":0,"ResponseTime":894,"Ip":null,"Level":10,"Message":"Iniciando servicio kalumnManagement","DateTime":"2023-06-15 07:22:41","Version":"v1"}
{"Name":"KalumManagement","HostName":"CCASERGIOCP","ApiKey":"N/A","Uri":"N/A","ResponseCode":0,"ResponseTime":328,"Ip":null,"Level":10,"Message":"Iniciando servicio kalumnManagement","DateTime":"2023-06-20 04:01:55","Version":"v1"}
{"Name":"KalumManagement","HostName":"CCASERGIOCP","ApiKey":"N/A","Uri":"N/A","ResponseCode":0,"ResponseTime":245,"Ip":null,"Level":10,"Message":"Iniciando servicio kalumnManagement","DateTime":"2023-06-22 02:51:43","Version":"v1"}
{"Name":"KalumManagement","HostName":"CCASERGIOCP","ApiKey":"N/A","Uri":"N/A","ResponseCode":0,"ResponseTime":793,"Ip":null,"Level":10,"Message":"Iniciando servicio kalumnManagement","DateTime":"2023-06-22 05:16:49","Version":"v1"}
{"Name":"KalumManagement","HostName":"CCASERGIOCP","ApiKey":"N/A","Uri":"N/A","ResponseCode":201,"ResponseTime":606,"Ip":null,"Level":20,"Message":"El proceso de su solicitud fue enviado con exito, pronto recibira una respuesta al correo 20220001-jlopez@kalum.edu.gt","DateTime":"2023-06-22 06:09:09","Version":"v1"}
{"Name":"KalumManagement","HostName":"CCASERGIOCP","ApiKey":"N/A","Uri":"N/A","ResponseCode":0,"ResponseTime":446,"Ip":null,"Level":10,"Message":"Iniciando servicio kalumnManagement","DateTime":"2023-06-22 06:20:57","Version":"v1"}
{"Name":"KalumManagement","HostName":"CCASERGIOCP","ApiKey":"N/A","Uri":"N/A","ResponseCode":201,"ResponseTime":248,"Ip":null,"Level":20,"Message":"El proceso de su solicitud fue enviado con exito, pronto recibira una respuesta al correo test01@gmail.com","DateTime":"2023-06-22 07:02:36","Version":"v1"}
{"Name":"KalumManagement","HostName":"CCASERGIOCP","ApiKey":"N/A","Uri":"N/A","ResponseCode":201,"ResponseTime":898,"Ip":null,"Level":20,"Message":"El proceso de su solicitud fue enviado con exito, pronto recibira una respuesta al correo test02@gmail.com","DateTime":"2023-06-22 07:07:29","Version":"v1"}
{"Name":"KalumManagement","HostName":"CCASERGIOCP","ApiKey":"N/A","Uri":"N/A","ResponseCode":0,"ResponseTime":966,"Ip":null,"Level":10,"Message":"Iniciando servicio kalumnManagement","DateTime":"2023-06-27 05:26:33","Version":"v1"}
{"Name":"KalumManagement","HostName":"CCASERGIOCP","ApiKey":"N/A","Uri":"N/A","ResponseCode":0,"ResponseTime":43,"Ip":null,"Level":10,"Message":"Iniciando servicio kalumnManagement","DateTime":"2023-06-27 08:01:16","Version":"v1"}
{"Name":"KalumManagement","HostName":"CCASERGIOCP","ApiKey":"N/A","Uri":"N/A","ResponseCode":0,"ResponseTime":861,"Ip":null,"Level":10,"Message":"Iniciando servicio kalumnManagement","DateTime":"2023-06-27 08:11:39","Version":"v1"}
{"Name":"KalumManagement","HostName":"CCASERGIOCP","ApiKey":"N/A","Uri":"N/A","ResponseCode":0,"ResponseTime":57,"Ip":null,"Level":10,"Message":"Iniciando servicio kalumnManagement","DateTime":"2023-06-27 08:23:44","Version":"v1"}
{"Name":"KalumManagement","HostName":"CCASERGIOCP","ApiKey":"N/A","Uri":"N/A","ResponseCode":0,"ResponseTime":30,"Ip":null,"Level":10,"Message":"Iniciando servicio kalumnManagement","DateTime":"2023-06-27 08:27:51","Version":"v1"}
{"Name":"KalumManagement","HostName":"CCASERGIOCP","ApiKey":"N/A","Uri":"N/A","ResponseCode":0,"ResponseTime":408,"Ip":null,"Level":10,"Message":"Iniciando servicio kalumnManagement","DateTime":"2023-06-27 08:29:17","Version":"v1"}
{"Name":"KalumManagement","HostName":"CCASERGIOCP","ApiKey":"N/A","Uri":"N/A","ResponseCode":0,"ResponseTime":848,"Ip":null,"Level":10,"Message":"Iniciando servicio kalumnManagement","DateTime":"2023-06-27 08:31:28","Version":"v1"}
{"Name":"KalumManagement","HostName":"CCASERGIOCP","ApiKey":"N/A","Uri":"N/A","ResponseCode":201,"ResponseTime":5,"Ip":null,"Level":20,"Message":"El proceso de su solicitud fue enviado con exito, pronto recibira una respuesta al correo xxx@gmail.com","DateTime":"2023-06-27 08:31:47","Version":"v1"}
{"Name":"KalumManagement","HostName":"CCASERGIOCP","ApiKey":"N/A","Uri":"N/A","ResponseCode":201,"ResponseTime":256,"Ip":null,"Level":20,"Message":"El proceso de su solicitud fue enviado con exito, pronto recibira una respuesta al correo test03@gmail.com","DateTime":"2023-06-27 08:40:00","Version":"v1"}
{"Name":"KalumManagement","HostName":"CCASERGIOCP","ApiKey":"N/A","Uri":"N/A","ResponseCode":201,"ResponseTime":125,"Ip":null,"Level":20,"Message":"El proceso de su solicitud fue enviado con exito, pronto recibira una respuesta al correo xxx@gmail.com","DateTime":"2023-06-27 08:40:36","Version":"v1"}
{"Name":"KalumManagement","HostName":"CCASERGIOCP","ApiKey":"N/A","Uri":"N/A","ResponseCode":0,"ResponseTime":493,"Ip":null,"Level":10,"Message":"Iniciando servicio kalumnManagement","DateTime":"2023-07-04 03:09:36","Version":"v1"}
{"Name":"KalumManagement","HostName":"CCASERGIOCP","ApiKey":"N/A","Uri":"N/A","ResponseCode":201,"ResponseTime":87,"Ip":null,"Level":20,"Message":"El proceso de su solicitud fue enviado con exito, pronto recibira una respuesta al correo xxx@gmail.com","DateTime":"2023-07-04 03:09:49","Version":"v1"}
{"Name":"KalumManagement","HostName":"CCASERGIOCP","ApiKey":"N/A","Uri":"N/A","ResponseCode":0,"ResponseTime":366,"Ip":null,"Level":10,"Message":"Iniciando servicio kalumnManagement","DateTime":"2023-07-04 05:22:29","Version":"v1"}
{"Name":"KalumManagement","HostName":"CCASERGIOCP","ApiKey":"N/A","Uri":"N/A","ResponseCode":0,"ResponseTime":926,"Ip":null,"Level":10,"Message":"Iniciando servicio kalumnManagement","DateTime":"2023-07-05 10:21:03","Version":"v1"}
{"Name":"KalumManagement","HostName":"CCASERGIOCP","ApiKey":"N/A","Uri":"N/A","ResponseCode":201,"ResponseTime":586,"Ip":null,"Level":20,"Message":"El proceso de su solicitud fue enviado con exito, pronto recibira una respuesta al correo sergioivan1191@gmail.com","DateTime":"2023-07-05 10:28:21","Version":"v1"}
{"Name":"KalumManagement","HostName":"CCASERGIOCP","ApiKey":"N/A","Uri":"N/A","ResponseCode":0,"ResponseTime":500,"Ip":null,"Level":10,"Message":"Iniciando servicio kalumnManagement","DateTime":"2023-07-06 05:09:50","Version":"v1"}
{"Name":"KalumManagement","HostName":"CCASERGIOCP","ApiKey":"N/A","Uri":"N/A","ResponseCode":201,"ResponseTime":559,"Ip":null,"Level":20,"Message":"El proceso de su solicitud fue enviado con exito, pronto recibira una respuesta al correo scastellanosc1@miumg.edu.gt","DateTime":"2023-07-06 10:47:49","Version":"v1"}
{"Name":"KalumManagement","HostName":"CCASERGIOCP","ApiKey":"N/A","Uri":"N/A","ResponseCode":201,"ResponseTime":773,"Ip":null,"Level":20,"Message":"El proceso de su solicitud fue enviado con exito, pronto recibira una respuesta al correo sergioivan1191@gmail.com","DateTime":"2023-07-06 10:53:50","Version":"v1"}
{"Name":"KalumManagement","HostName":"CCASERGIOCP","ApiKey":"N/A","Uri":"N/A","ResponseCode":201,"ResponseTime":926,"Ip":null,"Level":20,"Message":"El proceso de su solicitud fue enviado con exito, pronto recibira una respuesta al correo sergioivan1191@gmail.com","DateTime":"2023-07-06 11:00:55","Version":"v1"}
{"Name":"KalumManagement","HostName":"CCASERGIOCP","ApiKey":"N/A","Uri":"N/A","ResponseCode":201,"ResponseTime":109,"Ip":null,"Level":20,"Message":"El proceso de su solicitud fue enviado con exito, pronto recibira una respuesta al correo sergioivan1191@gmail.com","DateTime":"2023-07-06 11:04:07","Version":"v1"}
{"Name":"KalumManagement","HostName":"CCASERGIOCP","ApiKey":"N/A","Uri":"N/A","ResponseCode":0,"ResponseTime":896,"Ip":null,"Level":10,"Message":"Iniciando servicio kalumnManagement","DateTime":"2023-07-11 02:40:03","Version":"v1"}
{"Name":"KalumManagement","HostName":"CCASERGIOCP","ApiKey":"N/A","Uri":"N/A","ResponseCode":201,"ResponseTime":72,"Ip":null,"Level":20,"Message":"El proceso de su solicitud fue enviado con exito, pronto recibira una respuesta al correo sergioivan1191@gmail.com","DateTime":"2023-07-11 05:33:01","Version":"v1"}
{"Name":"KalumManagement","HostName":"CCASERGIOCP","ApiKey":"N/A","Uri":"N/A","ResponseCode":0,"ResponseTime":589,"Ip":null,"Level":10,"Message":"Iniciando servicio kalumnManagement","DateTime":"2023-07-11 06:20:46","Version":"v1"}
{"Name":"KalumManagement","HostName":"CCASERGIOCP","ApiKey":"N/A","Uri":"N/A","ResponseCode":0,"ResponseTime":559,"Ip":null,"Level":10,"Message":"Iniciando servicio kalumnManagement","DateTime":"2023-07-11 06:51:52","Version":"v1"}
{"Name":"KalumManagement","HostName":"CCASERGIOCP","ApiKey":"N/A","Uri":"N/A","ResponseCode":201,"ResponseTime":961,"Ip":null,"Level":20,"Message":"El proceso de su solicitud fue enviado con exito, pronto recibira una respuesta al correo sergioivan1191@gmail.com","DateTime":"2023-07-11 07:24:07","Version":"v1"}
{"Name":"KalumManagement","HostName":"CCASERGIOCP","ApiKey":"N/A","Uri":"N/A","ResponseCode":0,"ResponseTime":381,"Ip":null,"Level":10,"Message":"Iniciando servicio kalumnManagement","DateTime":"2023-07-13 03:00:18","Version":"v1"}
{"Name":"KalumManagement","HostName":"CCASERGIOCP","ApiKey":"N/A","Uri":"N/A","ResponseCode":0,"ResponseTime":843,"Ip":null,"Level":10,"Message":"Iniciando servicio kalumnManagement","DateTime":"2023-07-13 07:29:41","Version":"v1"}
{"Name":"KalumManagement","HostName":"CCASERGIOCP","ApiKey":"N/A","Uri":"N/A","ResponseCode":201,"ResponseTime":29,"Ip":null,"Level":20,"Message":"El proceso de su solicitud fue enviado con exito, pronto recibira una respuesta al correo xxx@gmail.com","DateTime":"2023-07-13 10:39:11","Version":"v1"}
{"Name":"KalumManagement","HostName":"CCASERGIOCP","ApiKey":"N/A","Uri":"N/A","ResponseCode":201,"ResponseTime":498,"Ip":null,"Level":20,"Message":"El proceso de su solicitud fue enviado con exito, pronto recibira una respuesta al correo xxx@gmail.com","DateTime":"2023-07-13 10:45:14","Version":"v1"}
{"Name":"KalumManagement","HostName":"CCASERGIOCP","ApiKey":"N/A","Uri":"N/A","ResponseCode":201,"ResponseTime":723,"Ip":null,"Level":20,"Message":"El proceso de su solicitud fue enviado con exito, pronto recibira una respuesta al correo xxx@gmail.com","DateTime":"2023-07-13 11:10:52","Version":"v1"}
{"Name":"KalumManagement","HostName":"CCASERGIOCP","ApiKey":"N/A","Uri":"N/A","ResponseCode":0,"ResponseTime":259,"Ip":null,"Level":10,"Message":"Iniciando servicio kalumnManagement","DateTime":"2023-07-18 05:02:34","Version":"v1"}
{"Name":"KalumManagement","HostName":"CCASERGIOCP","ApiKey":"N/A","Uri":"N/A","ResponseCode":0,"ResponseTime":661,"Ip":null,"Level":10,"Message":"Iniciando servicio kalumnManagement","DateTime":"2023-07-18 05:42:51","Version":"v1"}
{"Name":"KalumManagement","HostName":"CCASERGIOCP","ApiKey":"N/A","Uri":"N/A","ResponseCode":0,"ResponseTime":574,"Ip":null,"Level":10,"Message":"Iniciando servicio kalumnManagement","DateTime":"2023-07-18 05:45:44","Version":"v1"}
{"Name":"KalumManagement","HostName":"CCASERGIOCP","ApiKey":"N/A","Uri":"N/A","ResponseCode":0,"ResponseTime":184,"Ip":null,"Level":10,"Message":"Iniciando servicio kalumnManagement","DateTime":"2023-07-18 05:47:19","Version":"v1"}
{"Name":"KalumManagement","HostName":"CCASERGIOCP","ApiKey":"N/A","Uri":"N/A","ResponseCode":201,"ResponseTime":218,"Ip":null,"Level":20,"Message":"El proceso de su solicitud fue enviado con exito, pronto recibira una respuesta al correo edwintumax@gmail.com","DateTime":"2023-07-18 06:06:13","Version":"v1"}
{"Name":"KalumManagement","HostName":"CCASERGIOCP","ApiKey":"N/A","Uri":"N/A","ResponseCode":201,"ResponseTime":151,"Ip":null,"Level":20,"Message":"El proceso de su solicitud fue enviado con exito, pronto recibira una respuesta al correo xxx@gmail.com","DateTime":"2023-07-18 06:31:35","Version":"v1"}
{"Name":"KalumManagement","HostName":"CCASERGIOCP","ApiKey":"N/A","Uri":"N/A","ResponseCode":0,"ResponseTime":585,"Ip":null,"Level":10,"Message":"Iniciando servicio kalumnManagement","DateTime":"2023-07-21 03:48:54","Version":"v1"}
{"Name":"KalumManagement","HostName":"LAPTOP-7MGLV7C1","ApiKey":"N/A","Uri":"N/A","ResponseCode":0,"ResponseTime":828,"Ip":null,"Level":10,"Message":"Iniciando servicio kalumnManagement","DateTime":"2023-08-11 11:28:26","Version":"v1"}
{"Name":"KalumManagement","HostName":"LAPTOP-7MGLV7C1","ApiKey":"N/A","Uri":"N/A","ResponseCode":0,"ResponseTime":996,"Ip":null,"Level":10,"Message":"Iniciando servicio kalumnManagement","DateTime":"2023-08-11 11:54:24","Version":"v1"}
{"Name":"KalumManagement","HostName":"LAPTOP-7MGLV7C1","ApiKey":"N/A","Uri":"N/A","ResponseCode":201,"ResponseTime":424,"Ip":null,"Level":20,"Message":"El proceso de su solicitud fue enviado con exito, pronto recibira una respuesta al correo lennykev38@gmail.com","DateTime":"2023-08-11 12:47:46","Version":"v1"}
{"Name":"KalumManagement","HostName":"LAPTOP-7MGLV7C1","ApiKey":"N/A","Uri":"N/A","ResponseCode":0,"ResponseTime":907,"Ip":null,"Level":10,"Message":"Iniciando servicio kalumnManagement","DateTime":"2023-08-11 02:52:51","Version":"v1"}
{"Name":"KalumManagement","HostName":"LAPTOP-7MGLV7C1","ApiKey":"N/A","Uri":"N/A","ResponseCode":201,"ResponseTime":837,"Ip":null,"Level":20,"Message":"El proceso de su solicitud fue enviado con exito, pronto recibira una respuesta al correo 20220001-jlopez@kalum.edu.gt","DateTime":"2023-08-11 02:53:13","Version":"v1"}
{"Name":"KalumManagement","HostName":"LAPTOP-7MGLV7C1","ApiKey":"N/A","Uri":"N/A","ResponseCode":201,"ResponseTime":536,"Ip":null,"Level":20,"Message":"El proceso de su solicitud fue enviado con exito, pronto recibira una respuesta al correo lennykev38@gmail.com","DateTime":"2023-08-11 02:53:43","Version":"v1"}
{"Name":"KalumManagement","HostName":"LAPTOP-7MGLV7C1","ApiKey":"N/A","Uri":"N/A","ResponseCode":201,"ResponseTime":932,"Ip":null,"Level":20,"Message":"El proceso de su solicitud fue enviado con exito, pronto recibira una respuesta al correo lennykev38@gmail.com","DateTime":"2023-08-11 03:21:09","Version":"v1"}
{"Name":"KalumManagement","HostName":"LAPTOP-7MGLV7C1","ApiKey":"N/A","Uri":"N/A","ResponseCode":201,"ResponseTime":811,"Ip":null,"Level":20,"Message":"El proceso de su solicitud fue enviado con exito, pronto recibira una respuesta al correo 20220001-jlopez@kalum.edu.gt","DateTime":"2023-08-11 03:22:30","Version":"v1"}
{"Name":"KalumManagement","HostName":"LAPTOP-7MGLV7C1","ApiKey":"N/A","Uri":"N/A","ResponseCode":201,"ResponseTime":417,"Ip":null,"Level":20,"Message":"El proceso de su solicitud fue enviado con exito, pronto recibira una respuesta al correo lennykev38@gmail.com","DateTime":"2023-08-11 03:23:00","Version":"v1"}
{"Name":"KalumManagement","HostName":"LAPTOP-7MGLV7C1","ApiKey":"N/A","Uri":"N/A","ResponseCode":201,"ResponseTime":825,"Ip":null,"Level":20,"Message":"El proceso de su solicitud fue enviado con exito, pronto recibira una respuesta al correo lennykev38@gmail.com","DateTime":"2023-08-11 03:24:05","Version":"v1"}
{"Name":"KalumManagement","HostName":"LAPTOP-7MGLV7C1","ApiKey":"N/A","Uri":"N/A","ResponseCode":201,"ResponseTime":378,"Ip":null,"Level":20,"Message":"El proceso de su solicitud fue enviado con exito, pronto recibira una respuesta al correo 20220001-jlopez@kalum.edu.gt","DateTime":"2023-08-11 03:37:23","Version":"v1"}
{"Name":"KalumManagement","HostName":"LAPTOP-7MGLV7C1","ApiKey":"N/A","Uri":"N/A","ResponseCode":0,"ResponseTime":364,"Ip":null,"Level":10,"Message":"Iniciando servicio kalumnManagement","DateTime":"2023-08-11 03:46:48","Version":"v1"}
{"Name":"KalumManagement","HostName":"LAPTOP-7MGLV7C1","ApiKey":"N/A","Uri":"N/A","ResponseCode":0,"ResponseTime":629,"Ip":null,"Level":10,"Message":"Iniciando servicio kalumnManagement","DateTime":"2023-08-11 03:49:55","Version":"v1"}
{"Name":"KalumManagement","HostName":"LAPTOP-7MGLV7C1","ApiKey":"N/A","Uri":"N/A","ResponseCode":201,"ResponseTime":900,"Ip":null,"Level":20,"Message":"El proceso de su solicitud fue enviado con exito, pronto recibira una respuesta al correo lennykev38@gmail.com","DateTime":"2023-08-11 03:50:19","Version":"v1"}
{"Name":"KalumManagement","HostName":"LAPTOP-7MGLV7C1","ApiKey":"N/A","Uri":"N/A","ResponseCode":0,"ResponseTime":677,"Ip":null,"Level":10,"Message":"Iniciando servicio kalumnManagement","DateTime":"2023-08-11 03:57:27","Version":"v1"}
{"Name":"KalumManagement","HostName":"LAPTOP-7MGLV7C1","ApiKey":"N/A","Uri":"N/A","ResponseCode":0,"ResponseTime":481,"Ip":null,"Level":10,"Message":"Iniciando servicio kalumnManagement","DateTime":"2023-08-11 03:57:40","Version":"v1"}
{"Name":"KalumManagement","HostName":"LAPTOP-7MGLV7C1","ApiKey":"N/A","Uri":"N/A","ResponseCode":201,"ResponseTime":685,"Ip":null,"Level":20,"Message":"El proceso de su solicitud fue enviado con exito, pronto recibira una respuesta al correo lennykev38@gmail.com","DateTime":"2023-08-11 04:00:41","Version":"v1"}
{"Name":"KalumManagement","HostName":"LAPTOP-7MGLV7C1","ApiKey":"N/A","Uri":"N/A","ResponseCode":201,"ResponseTime":996,"Ip":null,"Level":20,"Message":"El proceso de su solicitud fue enviado con exito, pronto recibira una respuesta al correo lennykev38@gmail.com","DateTime":"2023-08-11 04:20:26","Version":"v1"}
{"Name":"KalumManagement","HostName":"LAPTOP-7MGLV7C1","ApiKey":"N/A","Uri":"N/A","ResponseCode":201,"ResponseTime":117,"Ip":null,"Level":20,"Message":"El proceso de su solicitud fue enviado con exito, pronto recibira una respuesta al correo 20220001-jlopez@kalum.edu.gt","DateTime":"2023-08-11 04:22:28","Version":"v1"}
{"Name":"KalumManagement","HostName":"LAPTOP-7MGLV7C1","ApiKey":"N/A","Uri":"N/A","ResponseCode":201,"ResponseTime":11,"Ip":null,"Level":20,"Message":"El proceso de su solicitud fue enviado con exito, pronto recibira una respuesta al correo lennykev38@gmail.com","DateTime":"2023-08-11 04:32:33","Version":"v1"}
{"Name":"KalumManagement","HostName":"LAPTOP-7MGLV7C1","ApiKey":"N/A","Uri":"N/A","ResponseCode":201,"ResponseTime":582,"Ip":null,"Level":20,"Message":"El proceso de su solicitud fue enviado con exito, pronto recibira una respuesta al correo lennykev38@gmail.com","DateTime":"2023-08-11 04:43:45","Version":"v1"}
{"Name":"KalumManagement","HostName":"LAPTOP-7MGLV7C1","ApiKey":"N/A","Uri":"N/A","ResponseCode":0,"ResponseTime":554,"Ip":null,"Level":10,"Message":"Iniciando servicio kalumnManagement","DateTime":"2023-08-11 04:45:28","Version":"v1"}
{"Name":"KalumManagement","HostName":"LAPTOP-7MGLV7C1","ApiKey":"N/A","Uri":"N/A","ResponseCode":201,"ResponseTime":645,"Ip":null,"Level":20,"Message":"El proceso de su solicitud fue enviado con exito, pronto recibira una respuesta al correo lennykev38@gmail.com","DateTime":"2023-08-11 04:46:03","Version":"v1"}
{"Name":"KalumManagement","HostName":"LAPTOP-7MGLV7C1","ApiKey":"N/A","Uri":"N/A","ResponseCode":0,"ResponseTime":905,"Ip":null,"Level":10,"Message":"Iniciando servicio kalumnManagement","DateTime":"2023-08-11 04:54:37","Version":"v1"}
{"Name":"KalumManagement","HostName":"LAPTOP-7MGLV7C1","ApiKey":"N/A","Uri":"N/A","ResponseCode":201,"ResponseTime":755,"Ip":null,"Level":20,"Message":"El proceso de su solicitud fue enviado con exito, pronto recibira una respuesta al correo lennykev38@gmail.com","DateTime":"2023-08-11 04:56:43","Version":"v1"}
{"Name":"KalumManagement","HostName":"LAPTOP-7MGLV7C1","ApiKey":"N/A","Uri":"N/A","ResponseCode":201,"ResponseTime":840,"Ip":null,"Level":20,"Message":"El proceso de su solicitud fue enviado con exito, pronto recibira una respuesta al correo lennykev38@gmail.com","DateTime":"2023-08-11 05:06:49","Version":"v1"}
{"Name":"KalumManagement","HostName":"LAPTOP-7MGLV7C1","ApiKey":"N/A","Uri":"N/A","ResponseCode":201,"ResponseTime":541,"Ip":null,"Level":20,"Message":"El proceso de su solicitud fue enviado con exito, pronto recibira una respuesta al correo 20220001-jlopez@kalum.edu.gt","DateTime":"2023-08-11 05:08:25","Version":"v1"}
{"Name":"KalumManagement","HostName":"LAPTOP-7MGLV7C1","ApiKey":"N/A","Uri":"N/A","ResponseCode":201,"ResponseTime":299,"Ip":null,"Level":20,"Message":"El proceso de su solicitud fue enviado con exito, pronto recibira una respuesta al correo 20220001-kevinramos@kalum.edu.gt","DateTime":"2023-08-11 05:08:36","Version":"v1"}
{"Name":"KalumManagement","HostName":"LAPTOP-7MGLV7C1","ApiKey":"N/A","Uri":"N/A","ResponseCode":201,"ResponseTime":680,"Ip":null,"Level":20,"Message":"El proceso de su solicitud fue enviado con exito, pronto recibira una respuesta al correo 20220001-kevinramos@kalum.edu.gt","DateTime":"2023-08-11 05:09:37","Version":"v1"}
{"Name":"KalumManagement","HostName":"LAPTOP-7MGLV7C1","ApiKey":"N/A","Uri":"N/A","ResponseCode":201,"ResponseTime":172,"Ip":null,"Level":20,"Message":"El proceso de su solicitud fue enviado con exito, pronto recibira una respuesta al correo lennykev38@gmail.com","DateTime":"2023-08-11 05:10:18","Version":"v1"}
{"Name":"KalumManagement","HostName":"LAPTOP-7MGLV7C1","ApiKey":"N/A","Uri":"N/A","ResponseCode":0,"ResponseTime":947,"Ip":null,"Level":10,"Message":"Iniciando servicio kalumnManagement","DateTime":"2023-08-11 05:17:33","Version":"v1"}
{"Name":"KalumManagement","HostName":"LAPTOP-7MGLV7C1","ApiKey":"N/A","Uri":"N/A","ResponseCode":0,"ResponseTime":8,"Ip":null,"Level":10,"Message":"Iniciando servicio kalumnManagement","DateTime":"2023-08-11 05:18:30","Version":"v1"}
{"Name":"KalumManagement","HostName":"LAPTOP-7MGLV7C1","ApiKey":"N/A","Uri":"N/A","ResponseCode":201,"ResponseTime":510,"Ip":null,"Level":20,"Message":"El proceso de su solicitud fue enviado con exito, pronto recibira una respuesta al correo lennykev38@gmail.com","DateTime":"2023-08-11 05:18:50","Version":"v1"}
{"Name":"KalumManagement","HostName":"LAPTOP-7MGLV7C1","ApiKey":"N/A","Uri":"N/A","ResponseCode":0,"ResponseTime":827,"Ip":null,"Level":10,"Message":"Iniciando servicio kalumnManagement","DateTime":"2023-08-11 05:26:03","Version":"v1"}
{"Name":"KalumManagement","HostName":"LAPTOP-7MGLV7C1","ApiKey":"N/A","Uri":"N/A","ResponseCode":201,"ResponseTime":93,"Ip":null,"Level":20,"Message":"El proceso de su solicitud fue enviado con exito, pronto recibira una respuesta al correo lennykev38@gmail.com","DateTime":"2023-08-11 05:28:16","Version":"v1"}
{"Name":"KalumManagement","HostName":"LAPTOP-7MGLV7C1","ApiKey":"N/A","Uri":"N/A","ResponseCode":201,"ResponseTime":964,"Ip":null,"Level":20,"Message":"El proceso de su solicitud fue enviado con exito, pronto recibira una respuesta al correo lennykev38@gmail.com","DateTime":"2023-08-11 05:29:09","Version":"v1"}
{"Name":"KalumManagement","HostName":"LAPTOP-7MGLV7C1","ApiKey":"N/A","Uri":"N/A","ResponseCode":0,"ResponseTime":473,"Ip":null,"Level":10,"Message":"Iniciando servicio kalumnManagement","DateTime":"2023-08-12 08:46:00","Version":"v1"}
{"Name":"KalumManagement","HostName":"LAPTOP-7MGLV7C1","ApiKey":"N/A","Uri":"N/A","ResponseCode":201,"ResponseTime":776,"Ip":null,"Level":20,"Message":"El proceso de su solicitud fue enviado con exito, pronto recibira una respuesta al correo lennykev38@gmail.com","DateTime":"2023-08-12 09:15:09","Version":"v1"}
{"Name":"KalumManagement","HostName":"LAPTOP-7MGLV7C1","ApiKey":"N/A","Uri":"N/A","ResponseCode":201,"ResponseTime":909,"Ip":null,"Level":20,"Message":"El proceso de su solicitud fue enviado con exito, pronto recibira una respuesta al correo lennykev38@gmail.com","DateTime":"2023-08-12 09:35:12","Version":"v1"}
{"Name":"KalumManagement","HostName":"LAPTOP-7MGLV7C1","ApiKey":"N/A","Uri":"N/A","ResponseCode":201,"ResponseTime":312,"Ip":null,"Level":20,"Message":"El proceso de su solicitud fue enviado con exito, pronto recibira una respuesta al correo lennykev38@gmail.com","DateTime":"2023-08-12 09:36:44","Version":"v1"}
{"Name":"KalumManagement","HostName":"LAPTOP-7MGLV7C1","ApiKey":"N/A","Uri":"N/A","ResponseCode":0,"ResponseTime":390,"Ip":null,"Level":10,"Message":"Iniciando servicio kalumnManagement","DateTime":"2023-08-12 09:38:24","Version":"v1"}
{"Name":"KalumManagement","HostName":"LAPTOP-7MGLV7C1","ApiKey":"N/A","Uri":"N/A","ResponseCode":201,"ResponseTime":86,"Ip":null,"Level":20,"Message":"El proceso de su solicitud fue enviado con exito, pronto recibira una respuesta al correo lennykev38@gmail.com","DateTime":"2023-08-12 09:38:44","Version":"v1"}
{"Name":"KalumManagement","HostName":"LAPTOP-7MGLV7C1","ApiKey":"N/A","Uri":"N/A","ResponseCode":201,"ResponseTime":881,"Ip":null,"Level":20,"Message":"El proceso de su solicitud fue enviado con exito, pronto recibira una respuesta al correo lennykev38@gmail.com","DateTime":"2023-08-12 09:48:57","Version":"v1"}
{"Name":"KalumManagement","HostName":"LAPTOP-7MGLV7C1","ApiKey":"N/A","Uri":"N/A","ResponseCode":201,"ResponseTime":259,"Ip":null,"Level":20,"Message":"El proceso de su solicitud fue enviado con exito, pronto recibira una respuesta al correo lennykev38@gmail.com","DateTime":"2023-08-12 10:03:02","Version":"v1"}
{"Name":"KalumManagement","HostName":"LAPTOP-7MGLV7C1","ApiKey":"N/A","Uri":"N/A","ResponseCode":201,"ResponseTime":964,"Ip":null,"Level":20,"Message":"El proceso de su solicitud fue enviado con exito, pronto recibira una respuesta al correo lennykev38@gmail.com","DateTime":"2023-08-12 10:07:18","Version":"v1"}
{"Name":"KalumManagement","HostName":"LAPTOP-7MGLV7C1","ApiKey":"N/A","Uri":"N/A","ResponseCode":201,"ResponseTime":111,"Ip":null,"Level":20,"Message":"El proceso de su solicitud fue enviado con exito, pronto recibira una respuesta al correo lennykev38@gmail.com","DateTime":"2023-08-12 10:08:27","Version":"v1"}
{"Name":"KalumManagement","HostName":"LAPTOP-7MGLV7C1","ApiKey":"N/A","Uri":"N/A","ResponseCode":201,"ResponseTime":427,"Ip":null,"Level":20,"Message":"El proceso de su solicitud fue enviado con exito, pronto recibira una respuesta al correo lennykev38@gmail.com","DateTime":"2023-08-12 10:20:29","Version":"v1"}
{"Name":"KalumManagement","HostName":"LAPTOP-7MGLV7C1","ApiKey":"N/A","Uri":"N/A","ResponseCode":201,"ResponseTime":217,"Ip":null,"Level":20,"Message":"El proceso de su solicitud fue enviado con exito, pronto recibira una respuesta al correo lennykev38@gmail.com","DateTime":"2023-08-12 10:22:05","Version":"v1"}
{"Name":"KalumManagement","HostName":"LAPTOP-7MGLV7C1","ApiKey":"N/A","Uri":"N/A","ResponseCode":201,"ResponseTime":516,"Ip":null,"Level":20,"Message":"El proceso de su solicitud fue enviado con exito, pronto recibira una respuesta al correo lennykev38@gmail.com","DateTime":"2023-08-12 10:23:29","Version":"v1"}
{"Name":"KalumManagement","HostName":"LAPTOP-7MGLV7C1","ApiKey":"N/A","Uri":"N/A","ResponseCode":201,"ResponseTime":763,"Ip":null,"Level":20,"Message":"El proceso de su solicitud fue enviado con exito, pronto recibira una respuesta al correo lennykev38@gmail.com","DateTime":"2023-08-12 10:37:08","Version":"v1"}
{"Name":"KalumManagement","HostName":"LAPTOP-7MGLV7C1","ApiKey":"N/A","Uri":"N/A","ResponseCode":0,"ResponseTime":51,"Ip":null,"Level":10,"Message":"Iniciando servicio kalumnManagement","DateTime":"2023-08-13 06:27:52","Version":"v1"}
{"Name":"KalumManagement","HostName":"LAPTOP-7MGLV7C1","ApiKey":"N/A","Uri":"N/A","ResponseCode":201,"ResponseTime":87,"Ip":null,"Level":20,"Message":"El proceso de su solicitud fue enviado con exito, pronto recibira una respuesta al correo lennykev38@gmail.com","DateTime":"2023-08-13 06:29:12","Version":"v1"}
{"Name":"KalumManagement","HostName":"LAPTOP-7MGLV7C1","ApiKey":"N/A","Uri":"N/A","ResponseCode":201,"ResponseTime":724,"Ip":null,"Level":20,"Message":"El proceso de su solicitud fue enviado con exito, pronto recibira una respuesta al correo lennykev38@gmail.com","DateTime":"2023-08-13 06:32:05","Version":"v1"}
{"Name":"KalumManagement","HostName":"LAPTOP-7MGLV7C1","ApiKey":"N/A","Uri":"N/A","ResponseCode":201,"ResponseTime":118,"Ip":null,"Level":20,"Message":"El proceso de su solicitud fue enviado con exito, pronto recibira una respuesta al correo lennykev38@gmail.com","DateTime":"2023-08-13 06:38:54","Version":"v1"}
{"Name":"KalumManagement","HostName":"LAPTOP-7MGLV7C1","ApiKey":"N/A","Uri":"N/A","ResponseCode":0,"ResponseTime":453,"Ip":null,"Level":10,"Message":"Iniciando servicio kalumnManagement","DateTime":"2023-08-13 06:52:32","Version":"v1"}
{"Name":"KalumManagement","HostName":"LAPTOP-7MGLV7C1","ApiKey":"N/A","Uri":"N/A","ResponseCode":201,"ResponseTime":856,"Ip":null,"Level":20,"Message":"El proceso de su solicitud fue enviado con exito, pronto recibira una respuesta al correo lennykev38@gmail.com","DateTime":"2023-08-13 06:53:36","Version":"v1"}
{"Name":"KalumManagement","HostName":"LAPTOP-7MGLV7C1","ApiKey":"N/A","Uri":"N/A","ResponseCode":201,"ResponseTime":708,"Ip":null,"Level":20,"Message":"El proceso de su solicitud fue enviado con exito, pronto recibira una respuesta al correo lennykev38@gmail.com","DateTime":"2023-08-13 06:56:51","Version":"v1"}
{"Name":"KalumManagement","HostName":"LAPTOP-7MGLV7C1","ApiKey":"N/A","Uri":"N/A","ResponseCode":0,"ResponseTime":967,"Ip":null,"Level":10,"Message":"Iniciando servicio kalumnManagement","DateTime":"2023-08-14 10:14:44","Version":"v1"}
{"Name":"KalumManagement","HostName":"LAPTOP-7MGLV7C1","ApiKey":"N/A","Uri":"N/A","ResponseCode":201,"ResponseTime":272,"Ip":null,"Level":20,"Message":"El proceso de su solicitud fue enviado con exito, pronto recibira una respuesta al correo sparkyprera@gmail.com","DateTime":"2023-08-14 10:33:58","Version":"v1"}
{"Name":"KalumManagement","HostName":"LAPTOP-7MGLV7C1","ApiKey":"N/A","Uri":"N/A","ResponseCode":201,"ResponseTime":330,"Ip":null,"Level":20,"Message":"El proceso de su solicitud fue enviado con exito, pronto recibira una respuesta al correo sparkyprera@gmail.com","DateTime":"2023-08-14 10:39:17","Version":"v1"}
{"Name":"KalumManagement","HostName":"LAPTOP-7MGLV7C1","ApiKey":"N/A","Uri":"N/A","ResponseCode":201,"ResponseTime":712,"Ip":null,"Level":20,"Message":"El proceso de su solicitud fue enviado con exito, pronto recibira una respuesta al correo sparkyprera@gmail.com","DateTime":"2023-08-14 10:44:33","Version":"v1"}
{"Name":"KalumManagement","HostName":"LAPTOP-7MGLV7C1","ApiKey":"N/A","Uri":"N/A","ResponseCode":201,"ResponseTime":23,"Ip":null,"Level":20,"Message":"El proceso de su solicitud fue enviado con exito, pronto recibira una respuesta al correo xxx@gmail.com","DateTime":"2023-08-14 11:09:02","Version":"v1"}
{"Name":"KalumManagement","HostName":"LAPTOP-7MGLV7C1","ApiKey":"N/A","Uri":"N/A","ResponseCode":0,"ResponseTime":431,"Ip":null,"Level":10,"Message":"Iniciando servicio kalumnManagement","DateTime":"2023-08-14 11:18:51","Version":"v1"}
{"Name":"KalumManagement","HostName":"LAPTOP-7MGLV7C1","ApiKey":"N/A","Uri":"N/A","ResponseCode":201,"ResponseTime":386,"Ip":null,"Level":20,"Message":"El proceso de su solicitud fue enviado con exito, pronto recibira una respuesta al correo sparkyprera@gmail.com","DateTime":"2023-08-14 11:20:55","Version":"v1"}
{"Name":"KalumManagement","HostName":"LAPTOP-7MGLV7C1","ApiKey":"N/A","Uri":"N/A","ResponseCode":201,"ResponseTime":885,"Ip":null,"Level":20,"Message":"El proceso de su solicitud fue enviado con exito, pronto recibira una respuesta al correo xxx@gmail.com","DateTime":"2023-08-14 11:22:37","Version":"v1"}
{"Name":"KalumManagement","HostName":"LAPTOP-7MGLV7C1","ApiKey":"N/A","Uri":"N/A","ResponseCode":0,"ResponseTime":166,"Ip":null,"Level":10,"Message":"Iniciando servicio kalumnManagement","DateTime":"2023-08-14 11:35:30","Version":"v1"}
{"Name":"KalumManagement","HostName":"LAPTOP-7MGLV7C1","ApiKey":"N/A","Uri":"N/A","ResponseCode":201,"ResponseTime":601,"Ip":null,"Level":20,"Message":"El proceso de su solicitud fue enviado con exito, pronto recibira una respuesta al correo sparkyprera@gmail.com","DateTime":"2023-08-14 11:37:58","Version":"v1"}
{"Name":"KalumManagement","HostName":"LAPTOP-7MGLV7C1","ApiKey":"N/A","Uri":"N/A","ResponseCode":201,"ResponseTime":170,"Ip":null,"Level":20,"Message":"El proceso de su solicitud fue enviado con exito, pronto recibira una respuesta al correo xxx@gmail.com","DateTime":"2023-08-14 11:39:37","Version":"v1"}
{"Name":"KalumManagement","HostName":"LAPTOP-7MGLV7C1","ApiKey":"N/A","Uri":"N/A","ResponseCode":0,"ResponseTime":674,"Ip":null,"Level":10,"Message":"Iniciando servicio kalumnManagement","DateTime":"2023-08-16 04:26:44","Version":"v1"}
{"Name":"KalumManagement","HostName":"LAPTOP-7MGLV7C1","ApiKey":"N/A","Uri":"N/A","ResponseCode":201,"ResponseTime":212,"Ip":null,"Level":20,"Message":"El proceso de su solicitud fue enviado con exito, pronto recibira una respuesta al correo sparkyprera@gmail.com","DateTime":"2023-08-16 04:28:34","Version":"v1"}
{"Name":"KalumManagement","HostName":"LAPTOP-7MGLV7C1","ApiKey":"N/A","Uri":"N/A","ResponseCode":201,"ResponseTime":927,"Ip":null,"Level":20,"Message":"El proceso de su solicitud fue enviado con exito, pronto recibira una respuesta al correo xxx@gmail.com","DateTime":"2023-08-16 04:30:16","Version":"v1"}
{"Name":"KalumManagement","HostName":"LAPTOP-7MGLV7C1","ApiKey":"N/A","Uri":"N/A","ResponseCode":201,"ResponseTime":882,"Ip":null,"Level":20,"Message":"El proceso de su solicitud fue enviado con exito, pronto recibira una respuesta al correo sparkyprera@gmail.com","DateTime":"2023-08-16 05:10:00","Version":"v1"}
{"Name":"KalumManagement","HostName":"LAPTOP-7MGLV7C1","ApiKey":"N/A","Uri":"N/A","ResponseCode":201,"ResponseTime":960,"Ip":null,"Level":20,"Message":"El proceso de su solicitud fue enviado con exito, pronto recibira una respuesta al correo xxx@gmail.com","DateTime":"2023-08-16 05:11:26","Version":"v1"}
